Library/Bee/Android/Prj/Mono2x/Gradle/launcher/build/intermediates/manifest_merge_blame_file/release/manifest-merger-blame-release-report.txt
1<?xml version="1.0" encoding="utf-8"?>
2<manifest xmlns:android="http://schemas.android.com/apk/res/android"
3    package="com.DefaultCompany.WheelOfRisk"
4    android:installLocation="preferExternal"
5    android:versionCode="1"
6    android:versionName="1.0" >
7
8    <uses-sdk
9        android:minSdkVersion="22"
9-->src\main\AndroidManifest.xml
10        android:targetSdkVersion="35" />
10-->src\main\AndroidManifest.xml
11
12    <supports-screens
12-->src\main\AndroidManifest.xml:3:3-163
13        android:anyDensity="true"
13-->src\main\AndroidManifest.xml:3:135-160
14        android:largeScreens="true"
14-->src\main\AndroidManifest.xml:3:78-105
15        android:normalScreens="true"
15-->src\main\AndroidManifest.xml:3:49-77
16        android:smallScreens="true"
16-->src\main\AndroidManifest.xml:3:21-48
17        android:xlargeScreens="true" />
17-->src\main\AndroidManifest.xml:3:106-134
18
19    <uses-feature android:glEsVersion="0x00030000" />
19-->[:unityLibrary] AndroidManifest.xml:8:5-54
19-->[:unityLibrary] AndroidManifest.xml:8:19-51
20    <uses-feature
20-->[:unityLibrary] AndroidManifest.xml:9:5-11:36
21        android:name="android.hardware.vulkan.version"
21-->[:unityLibrary] AndroidManifest.xml:10:9-55
22        android:required="false" />
22-->[:unityLibrary] AndroidManifest.xml:11:9-33
23
24    <uses-permission android:name="android.permission.INTERNET" />
24-->[:unityLibrary] AndroidManifest.xml:13:5-67
24-->[:unityLibrary] AndroidManifest.xml:13:22-64
25
26    <uses-feature
26-->[:unityLibrary] AndroidManifest.xml:15:5-17:36
27        android:name="android.hardware.touchscreen"
27-->[:unityLibrary] AndroidManifest.xml:16:9-52
28        android:required="false" />
28-->[:unityLibrary] AndroidManifest.xml:17:9-33
29    <uses-feature
29-->[:unityLibrary] AndroidManifest.xml:18:5-20:36
30        android:name="android.hardware.touchscreen.multitouch"
30-->[:unityLibrary] AndroidManifest.xml:19:9-63
31        android:required="false" />
31-->[:unityLibrary] AndroidManifest.xml:20:9-33
32    <uses-feature
32-->[:unityLibrary] AndroidManifest.xml:21:5-23:36
33        android:name="android.hardware.touchscreen.multitouch.distinct"
33-->[:unityLibrary] AndroidManifest.xml:22:9-72
34        android:required="false" />
34-->[:unityLibrary] AndroidManifest.xml:23:9-33
35
36    <application
36-->src\main\AndroidManifest.xml:4:3-83
37        android:extractNativeLibs="true"
37-->[:unityLibrary] AndroidManifest.xml:25:18-50
38        android:icon="@mipmap/app_icon"
38-->src\main\AndroidManifest.xml:4:49-80
39        android:label="@string/app_name" >
39-->src\main\AndroidManifest.xml:4:16-48
40        <activity
40-->[:unityLibrary] AndroidManifest.xml:26:9-47:20
41            android:name="com.unity3d.player.UnityPlayerActivity"
41-->[:unityLibrary] AndroidManifest.xml:27:13-66
42            android:configChanges="mcc|mnc|locale|touchscreen|keyboard|keyboardHidden|navigation|orientation|screenLayout|uiMode|screenSize|smallestScreenSize|fontScale|layoutDirection|density"
42-->[:unityLibrary] AndroidManifest.xml:28:13-194
43            android:exported="true"
43-->[:unityLibrary] AndroidManifest.xml:29:13-36
44            android:hardwareAccelerated="false"
44-->[:unityLibrary] AndroidManifest.xml:30:13-48
45            android:launchMode="singleTask"
45-->[:unityLibrary] AndroidManifest.xml:31:13-44
46            android:resizeableActivity="false"
46-->[:unityLibrary] AndroidManifest.xml:32:13-47
47            android:screenOrientation="landscape"
47-->[:unityLibrary] AndroidManifest.xml:33:13-50
48            android:theme="@style/UnityThemeSelector" >
48-->[:unityLibrary] AndroidManifest.xml:34:13-54
49            <intent-filter>
49-->[:unityLibrary] AndroidManifest.xml:35:13-39:29
50                <action android:name="android.intent.action.MAIN" />
50-->[:unityLibrary] AndroidManifest.xml:36:17-69
50-->[:unityLibrary] AndroidManifest.xml:36:25-66
51
52                <category android:name="android.intent.category.LAUNCHER" />
52-->[:unityLibrary] AndroidManifest.xml:38:17-77
52-->[:unityLibrary] AndroidManifest.xml:38:27-74
53            </intent-filter>
54
55            <meta-data
55-->[:unityLibrary] AndroidManifest.xml:41:13-43:40
56                android:name="unityplayer.UnityActivity"
56-->[:unityLibrary] AndroidManifest.xml:42:17-57
57                android:value="true" />
57-->[:unityLibrary] AndroidManifest.xml:43:17-37
58            <meta-data
58-->[:unityLibrary] AndroidManifest.xml:44:13-46:40
59                android:name="android.notch_support"
59-->[:unityLibrary] AndroidManifest.xml:45:17-53
60                android:value="true" />
60-->[:unityLibrary] AndroidManifest.xml:46:17-37
61        </activity>
62
63        <meta-data
63-->[:unityLibrary] AndroidManifest.xml:49:9-51:33
64            android:name="unity.splash-mode"
64-->[:unityLibrary] AndroidManifest.xml:50:13-45
65            android:value="0" />
65-->[:unityLibrary] AndroidManifest.xml:51:13-30
66        <meta-data
66-->[:unityLibrary] AndroidManifest.xml:52:9-54:36
67            android:name="unity.splash-enable"
67-->[:unityLibrary] AndroidManifest.xml:53:13-47
68            android:value="True" />
68-->[:unityLibrary] AndroidManifest.xml:54:13-33
69        <meta-data
69-->[:unityLibrary] AndroidManifest.xml:55:9-57:36
70            android:name="unity.launch-fullscreen"
70-->[:unityLibrary] AndroidManifest.xml:56:13-51
71            android:value="True" />
71-->[:unityLibrary] AndroidManifest.xml:57:13-33
72        <meta-data
72-->[:unityLibrary] AndroidManifest.xml:58:9-60:50
73            android:name="notch.config"
73-->[:unityLibrary] AndroidManifest.xml:59:13-40
74            android:value="portrait|landscape" />
74-->[:unityLibrary] AndroidManifest.xml:60:13-47
75        <meta-data
75-->[:unityLibrary] AndroidManifest.xml:61:9-63:36
76            android:name="unity.auto-report-fully-drawn"
76-->[:unityLibrary] AndroidManifest.xml:62:13-57
77            android:value="true" />
77-->[:unityLibrary] AndroidManifest.xml:63:13-33
78    </application>
79
80</manifest>